{"name":"Log","hostname":"MacBook-Air-de-Goubert.local","pid":6908,"level":30,"version":"6.0.0","msg":"Ghost is running in development...","time":"2025-08-05T02:51:58.361Z","v":0}
{"name":"Log","hostname":"MacBook-Air-de-Goubert.local","pid":6908,"level":30,"version":"6.0.0","msg":"Listening on: 127.0.0.1:2368","time":"2025-08-05T02:51:58.361Z","v":0}
{"name":"Log","hostname":"MacBook-Air-de-Goubert.local","pid":6908,"level":30,"version":"6.0.0","msg":"Url configured as: http://localhost:2368/","time":"2025-08-05T02:51:58.361Z","v":0}
{"name":"Log","hostname":"MacBook-Air-de-Goubert.local","pid":6908,"level":30,"version":"6.0.0","msg":"Ctrl+C to shut down","time":"2025-08-05T02:51:58.361Z","v":0}
{"name":"Log","hostname":"MacBook-Air-de-Goubert.local","pid":6908,"level":30,"version":"6.0.0","msg":"Ghost server started in 0.241s","time":"2025-08-05T02:51:58.362Z","v":0}
{"name":"Log","hostname":"MacBook-Air-de-Goubert.local","pid":6908,"level":40,"version":"6.0.0","msg":"Database state requires initialisation.","time":"2025-08-05T02:51:58.747Z","v":0}
{"name":"Log","hostname":"MacBook-Air-de-Goubert.local","pid":6908,"level":30,"version":"6.0.0","msg":"Creating table: newsletters","time":"2025-08-05T02:51:58.848Z","v":0}
{"name":"Log","hostname":"MacBook-Air-de-Goubert.local","pid":6908,"level":30,"version":"6.0.0","msg":"Creating table: posts","time":"2025-08-05T02:51:58.852Z","v":0}
{"name":"Log","hostname":"MacBook-Air-de-Goubert.local","pid":6908,"level":30,"version":"6.0.0","msg":"Creating table: posts_meta","time":"2025-08-05T02:51:58.855Z","v":0}
{"name":"Log","hostname":"MacBook-Air-de-Goubert.local","pid":6908,"level":30,"version":"6.0.0","msg":"Creating table: users","time":"2025-08-05T02:51:58.856Z","v":0}
{"name":"Log","hostname":"MacBook-Air-de-Goubert.local","pid":6908,"level":30,"version":"6.0.0","msg":"Creating table: posts_authors","time":"2025-08-05T02:51:58.858Z","v":0}
{"name":"Log","hostname":"MacBook-Air-de-Goubert.local","pid":6908,"level":30,"version":"6.0.0","msg":"Creating table: roles","time":"2025-08-05T02:51:58.858Z","v":0}
{"name":"Log","hostname":"MacBook-Air-de-Goubert.local","pid":6908,"level":30,"version":"6.0.0","msg":"Creating table: roles_users","time":"2025-08-05T02:51:58.859Z","v":0}
{"name":"Log","hostname":"MacBook-Air-de-Goubert.local","pid":6908,"level":30,"version":"6.0.0","msg":"Creating table: permissions","time":"2025-08-05T02:51:58.860Z","v":0}
{"name":"Log","hostname":"MacBook-Air-de-Goubert.local","pid":6908,"level":30,"version":"6.0.0","msg":"Creating table: permissions_users","time":"2025-08-05T02:51:58.861Z","v":0}
{"name":"Log","hostname":"MacBook-Air-de-Goubert.local","pid":6908,"level":30,"version":"6.0.0","msg":"Creating table: permissions_roles","time":"2025-08-05T02:51:58.861Z","v":0}
{"name":"Log","hostname":"MacBook-Air-de-Goubert.local","pid":6908,"level":30,"version":"6.0.0","msg":"Creating table: settings","time":"2025-08-05T02:51:58.861Z","v":0}
{"name":"Log","hostname":"MacBook-Air-de-Goubert.local","pid":6908,"level":30,"version":"6.0.0","msg":"Creating table: tags","time":"2025-08-05T02:51:58.862Z","v":0}
{"name":"Log","hostname":"MacBook-Air-de-Goubert.local","pid":6908,"level":30,"version":"6.0.0","msg":"Creating table: posts_tags","time":"2025-08-05T02:51:58.863Z","v":0}
{"name":"Log","hostname":"MacBook-Air-de-Goubert.local","pid":6908,"level":30,"version":"6.0.0","msg":"Creating table: invites","time":"2025-08-05T02:51:58.864Z","v":0}
{"name":"Log","hostname":"MacBook-Air-de-Goubert.local","pid":6908,"level":30,"version":"6.0.0","msg":"Creating table: brute","time":"2025-08-05T02:51:58.865Z","v":0}
{"name":"Log","hostname":"MacBook-Air-de-Goubert.local","pid":6908,"level":30,"version":"6.0.0","msg":"Creating table: sessions","time":"2025-08-05T02:51:58.866Z","v":0}
{"name":"Log","hostname":"MacBook-Air-de-Goubert.local","pid":6908,"level":30,"version":"6.0.0","msg":"Creating table: integrations","time":"2025-08-05T02:51:58.866Z","v":0}
{"name":"Log","hostname":"MacBook-Air-de-Goubert.local","pid":6908,"level":30,"version":"6.0.0","msg":"Creating table: webhooks","time":"2025-08-05T02:51:58.867Z","v":0}
{"name":"Log","hostname":"MacBook-Air-de-Goubert.local","pid":6908,"level":30,"version":"6.0.0","msg":"Creating table: api_keys","time":"2025-08-05T02:51:58.868Z","v":0}
{"name":"Log","hostname":"MacBook-Air-de-Goubert.local","pid":6908,"level":30,"version":"6.0.0","msg":"Creating table: mobiledoc_revisions","time":"2025-08-05T02:51:58.869Z","v":0}
{"name":"Log","hostname":"MacBook-Air-de-Goubert.local","pid":6908,"level":30,"version":"6.0.0","msg":"Creating table: post_revisions","time":"2025-08-05T02:51:58.870Z","v":0}
{"name":"Log","hostname":"MacBook-Air-de-Goubert.local","pid":6908,"level":30,"version":"6.0.0","msg":"Creating table: members","time":"2025-08-05T02:51:58.871Z","v":0}
{"name":"Log","hostname":"MacBook-Air-de-Goubert.local","pid":6908,"level":30,"version":"6.0.0","msg":"Creating table: products","time":"2025-08-05T02:51:58.873Z","v":0}
{"name":"Log","hostname":"MacBook-Air-de-Goubert.local","pid":6908,"level":30,"version":"6.0.0","msg":"Creating table: offers","time":"2025-08-05T02:51:58.874Z","v":0}
{"name":"Log","hostname":"MacBook-Air-de-Goubert.local","pid":6908,"level":30,"version":"6.0.0","msg":"Creating table: benefits","time":"2025-08-05T02:51:58.876Z","v":0}
{"name":"Log","hostname":"MacBook-Air-de-Goubert.local","pid":6908,"level":30,"version":"6.0.0","msg":"Creating table: products_benefits","time":"2025-08-05T02:51:58.877Z","v":0}
{"name":"Log","hostname":"MacBook-Air-de-Goubert.local","pid":6908,"level":30,"version":"6.0.0","msg":"Creating table: members_products","time":"2025-08-05T02:51:58.877Z","v":0}
{"name":"Log","hostname":"MacBook-Air-de-Goubert.local","pid":6908,"level":30,"version":"6.0.0","msg":"Creating table: posts_products","time":"2025-08-05T02:51:58.878Z","v":0}
{"name":"Log","hostname":"MacBook-Air-de-Goubert.local","pid":6908,"level":30,"version":"6.0.0","msg":"Creating table: members_created_events","time":"2025-08-05T02:51:58.878Z","v":0}
{"name":"Log","hostname":"MacBook-Air-de-Goubert.local","pid":6908,"level":30,"version":"6.0.0","msg":"Creating table: members_cancel_events","time":"2025-08-05T02:51:58.879Z","v":0}
{"name":"Log","hostname":"MacBook-Air-de-Goubert.local","pid":6908,"level":30,"version":"6.0.0","msg":"Creating table: members_payment_events","time":"2025-08-05T02:51:58.880Z","v":0}
{"name":"Log","hostname":"MacBook-Air-de-Goubert.local","pid":6908,"level":30,"version":"6.0.0","msg":"Creating table: members_login_events","time":"2025-08-05T02:51:58.880Z","v":0}
{"name":"Log","hostname":"MacBook-Air-de-Goubert.local","pid":6908,"level":30,"version":"6.0.0","msg":"Creating table: members_email_change_events","time":"2025-08-05T02:51:58.881Z","v":0}
{"name":"Log","hostname":"MacBook-Air-de-Goubert.local","pid":6908,"level":30,"version":"6.0.0","msg":"Creating table: members_status_events","time":"2025-08-05T02:51:58.881Z","v":0}
{"name":"Log","hostname":"MacBook-Air-de-Goubert.local","pid":6908,"level":30,"version":"6.0.0","msg":"Creating table: members_product_events","time":"2025-08-05T02:51:58.882Z","v":0}
{"name":"Log","hostname":"MacBook-Air-de-Goubert.local","pid":6908,"level":30,"version":"6.0.0","msg":"Creating table: members_paid_subscription_events","time":"2025-08-05T02:51:58.882Z","v":0}
{"name":"Log","hostname":"MacBook-Air-de-Goubert.local","pid":6908,"level":30,"version":"6.0.0","msg":"Creating table: labels","time":"2025-08-05T02:51:58.883Z","v":0}
{"name":"Log","hostname":"MacBook-Air-de-Goubert.local","pid":6908,"level":30,"version":"6.0.0","msg":"Creating table: members_labels","time":"2025-08-05T02:51:58.884Z","v":0}
{"name":"Log","hostname":"MacBook-Air-de-Goubert.local","pid":6908,"level":30,"version":"6.0.0","msg":"Creating table: members_stripe_customers","time":"2025-08-05T02:51:58.885Z","v":0}
{"name":"Log","hostname":"MacBook-Air-de-Goubert.local","pid":6908,"level":30,"version":"6.0.0","msg":"Creating table: subscriptions","time":"2025-08-05T02:51:58.885Z","v":0}
{"name":"Log","hostname":"MacBook-Air-de-Goubert.local","pid":6908,"level":30,"version":"6.0.0","msg":"Creating table: members_stripe_customers_subscriptions","time":"2025-08-05T02:51:58.886Z","v":0}
{"name":"Log","hostname":"MacBook-Air-de-Goubert.local","pid":6908,"level":30,"version":"6.0.0","msg":"Creating table: members_subscription_created_events","time":"2025-08-05T02:51:58.887Z","v":0}
{"name":"Log","hostname":"MacBook-Air-de-Goubert.local","pid":6908,"level":30,"version":"6.0.0","msg":"Creating table: offer_redemptions","time":"2025-08-05T02:51:58.888Z","v":0}
{"name":"Log","hostname":"MacBook-Air-de-Goubert.local","pid":6908,"level":30,"version":"6.0.0","msg":"Creating table: members_subscribe_events","time":"2025-08-05T02:51:58.889Z","v":0}
{"name":"Log","hostname":"MacBook-Air-de-Goubert.local","pid":6908,"level":30,"version":"6.0.0","msg":"Creating table: donation_payment_events","time":"2025-08-05T02:51:58.890Z","v":0}
{"name":"Log","hostname":"MacBook-Air-de-Goubert.local","pid":6908,"level":30,"version":"6.0.0","msg":"Creating table: stripe_products","time":"2025-08-05T02:51:58.890Z","v":0}
{"name":"Log","hostname":"MacBook-Air-de-Goubert.local","pid":6908,"level":30,"version":"6.0.0","msg":"Creating table: stripe_prices","time":"2025-08-05T02:51:58.891Z","v":0}
{"name":"Log","hostname":"MacBook-Air-de-Goubert.local","pid":6908,"level":30,"version":"6.0.0","msg":"Creating table: actions","time":"2025-08-05T02:51:58.892Z","v":0}
{"name":"Log","hostname":"MacBook-Air-de-Goubert.local","pid":6908,"level":30,"version":"6.0.0","msg":"Creating table: emails","time":"2025-08-05T02:51:58.893Z","v":0}
{"name":"Log","hostname":"MacBook-Air-de-Goubert.local","pid":6908,"level":30,"version":"6.0.0","msg":"Creating table: email_batches","time":"2025-08-05T02:51:58.894Z","v":0}
{"name":"Log","hostname":"MacBook-Air-de-Goubert.local","pid":6908,"level":30,"version":"6.0.0","msg":"Creating table: email_recipients","time":"2025-08-05T02:51:58.895Z","v":0}
{"name":"Log","hostname":"MacBook-Air-de-Goubert.local","pid":6908,"level":30,"version":"6.0.0","msg":"Creating table: email_recipient_failures","time":"2025-08-05T02:51:58.897Z","v":0}
{"name":"Log","hostname":"MacBook-Air-de-Goubert.local","pid":6908,"level":30,"version":"6.0.0","msg":"Creating table: tokens","time":"2025-08-05T02:51:58.898Z","v":0}
{"name":"Log","hostname":"MacBook-Air-de-Goubert.local","pid":6908,"level":30,"version":"6.0.0","msg":"Creating table: snippets","time":"2025-08-05T02:51:58.898Z","v":0}
{"name":"Log","hostname":"MacBook-Air-de-Goubert.local","pid":6908,"level":30,"version":"6.0.0","msg":"Creating table: custom_theme_settings","time":"2025-08-05T02:51:58.899Z","v":0}
{"name":"Log","hostname":"MacBook-Air-de-Goubert.local","pid":6908,"level":30,"version":"6.0.0","msg":"Creating table: members_newsletters","time":"2025-08-05T02:51:58.900Z","v":0}
{"name":"Log","hostname":"MacBook-Air-de-Goubert.local","pid":6908,"level":30,"version":"6.0.0","msg":"Creating table: comments","time":"2025-08-05T02:51:58.900Z","v":0}
{"name":"Log","hostname":"MacBook-Air-de-Goubert.local","pid":6908,"level":30,"version":"6.0.0","msg":"Creating table: comment_likes","time":"2025-08-05T02:51:58.901Z","v":0}
{"name":"Log","hostname":"MacBook-Air-de-Goubert.local","pid":6908,"level":30,"version":"6.0.0","msg":"Creating table: comment_reports","time":"2025-08-05T02:51:58.901Z","v":0}
{"name":"Log","hostname":"MacBook-Air-de-Goubert.local","pid":6908,"level":30,"version":"6.0.0","msg":"Creating table: jobs","time":"2025-08-05T02:51:58.902Z","v":0}
{"name":"Log","hostname":"MacBook-Air-de-Goubert.local","pid":6908,"level":30,"version":"6.0.0","msg":"Creating table: redirects","time":"2025-08-05T02:51:58.903Z","v":0}
{"name":"Log","hostname":"MacBook-Air-de-Goubert.local","pid":6908,"level":30,"version":"6.0.0","msg":"Creating table: members_click_events","time":"2025-08-05T02:51:58.903Z","v":0}
{"name":"Log","hostname":"MacBook-Air-de-Goubert.local","pid":6908,"level":30,"version":"6.0.0","msg":"Creating table: members_feedback","time":"2025-08-05T02:51:58.904Z","v":0}
{"name":"Log","hostname":"MacBook-Air-de-Goubert.local","pid":6908,"level":30,"version":"6.0.0","msg":"Creating table: suppressions","time":"2025-08-05T02:51:58.905Z","v":0}
{"name":"Log","hostname":"MacBook-Air-de-Goubert.local","pid":6908,"level":30,"version":"6.0.0","msg":"Creating table: email_spam_complaint_events","time":"2025-08-05T02:51:58.906Z","v":0}
{"name":"Log","hostname":"MacBook-Air-de-Goubert.local","pid":6908,"level":30,"version":"6.0.0","msg":"Creating table: mentions","time":"2025-08-05T02:51:58.907Z","v":0}
{"name":"Log","hostname":"MacBook-Air-de-Goubert.local","pid":6908,"level":30,"version":"6.0.0","msg":"Creating table: milestones","time":"2025-08-05T02:51:58.907Z","v":0}
{"name":"Log","hostname":"MacBook-Air-de-Goubert.local","pid":6908,"level":30,"version":"6.0.0","msg":"Creating table: collections","time":"2025-08-05T02:51:58.908Z","v":0}
{"name":"Log","hostname":"MacBook-Air-de-Goubert.local","pid":6908,"level":30,"version":"6.0.0","msg":"Creating table: collections_posts","time":"2025-08-05T02:51:58.909Z","v":0}
{"name":"Log","hostname":"MacBook-Air-de-Goubert.local","pid":6908,"level":30,"version":"6.0.0","msg":"Creating table: recommendations","time":"2025-08-05T02:51:58.909Z","v":0}
{"name":"Log","hostname":"MacBook-Air-de-Goubert.local","pid":6908,"level":30,"version":"6.0.0","msg":"Creating table: recommendation_click_events","time":"2025-08-05T02:51:58.909Z","v":0}
{"name":"Log","hostname":"MacBook-Air-de-Goubert.local","pid":6908,"level":30,"version":"6.0.0","msg":"Creating table: recommendation_subscribe_events","time":"2025-08-05T02:51:58.911Z","v":0}
{"name":"Log","hostname":"MacBook-Air-de-Goubert.local","pid":6908,"level":30,"version":"6.0.0","msg":"Model: Collection","time":"2025-08-05T02:51:59.206Z","v":0}
{"name":"Log","hostname":"MacBook-Air-de-Goubert.local","pid":6908,"level":30,"version":"6.0.0","msg":"Model: Product","time":"2025-08-05T02:51:59.209Z","v":0}
{"name":"Log","hostname":"MacBook-Air-de-Goubert.local","pid":6908,"level":30,"version":"6.0.0","msg":"Model: Newsletter","time":"2025-08-05T02:51:59.213Z","v":0}
{"name":"Log","hostname":"MacBook-Air-de-Goubert.local","pid":6908,"level":30,"version":"6.0.0","msg":"Model: Tag","time":"2025-08-05T02:51:59.215Z","v":0}
{"name":"Log","hostname":"MacBook-Air-de-Goubert.local","pid":6908,"level":30,"version":"6.0.0","msg":"Model: Permission","time":"2025-08-05T02:51:59.217Z","v":0}
{"name":"Log","hostname":"MacBook-Air-de-Goubert.local","pid":6908,"level":30,"version":"6.0.0","msg":"Model: Post","time":"2025-08-05T02:51:59.318Z","v":0}
{"name":"Log","hostname":"MacBook-Air-de-Goubert.local","pid":6908,"level":30,"version":"6.0.0","msg":"Model: Integration","time":"2025-08-05T02:51:59.531Z","v":0}
{"name":"Log","hostname":"MacBook-Air-de-Goubert.local","pid":6908,"level":30,"version":"6.0.0","msg":"Relation: Role to Permission","time":"2025-08-05T02:51:59.556Z","v":0}
{"name":"Log","hostname":"MacBook-Air-de-Goubert.local","pid":6908,"level":30,"version":"6.0.0","msg":"Relation: Post to Tag","time":"2025-08-05T02:51:59.671Z","v":0}
{"name":"Log","hostname":"MacBook-Air-de-Goubert.local","pid":6908,"level":30,"version":"6.0.0","msg":"Database is in a ready state.","time":"2025-08-05T02:51:59.694Z","v":0}
{"name":"Log","hostname":"MacBook-Air-de-Goubert.local","pid":6908,"level":30,"version":"6.0.0","msg":"Ghost database ready in 1.574s","time":"2025-08-05T02:51:59.694Z","v":0}
{"name":"Log","hostname":"MacBook-Air-de-Goubert.local","pid":6908,"level":30,"version":"6.0.0","msg":"Configured site_uuid was not found or invalid. Setting site_uuid to a new value: 55bcd9eb-4bc5-4550-b488-4fc5473a4246","time":"2025-08-05T02:52:00.183Z","v":0}
{"name":"Log","hostname":"MacBook-Air-de-Goubert.local","pid":6908,"level":30,"version":"6.0.0","msg":"Invalidating assets for regeneration","time":"2025-08-05T02:52:00.437Z","v":0}
{"name":"Log","hostname":"MacBook-Air-de-Goubert.local","pid":6908,"level":30,"version":"6.0.0","msg":"Adding offloaded job to the inline job queue","time":"2025-08-05T02:52:00.675Z","v":0}
{"name":"Log","hostname":"MacBook-Air-de-Goubert.local","pid":6908,"level":30,"version":"6.0.0","msg":"Scheduling job mentions-email-report at 40 41 * * * *. Next run on: Tue Aug 05 2025 00:41:40 GMT-0300 (Brasilia Standard Time)","time":"2025-08-05T02:52:00.679Z","v":0}
{"name":"Log","hostname":"MacBook-Air-de-Goubert.local","pid":6908,"level":40,"version":"6.0.0","msg":"Explore URL not set","time":"2025-08-05T02:52:00.786Z","v":0}
{"name":"Log","hostname":"MacBook-Air-de-Goubert.local","pid":6908,"level":30,"version":"6.0.0","msg":"Adding one-off job to inlineQueue with current length = 0 called 'members-migrations'","time":"2025-08-05T02:52:00.805Z","v":0}
{"name":"Log","hostname":"MacBook-Air-de-Goubert.local","pid":6908,"level":30,"version":"6.0.0","msg":"Stripe not configured - skipping migrations","time":"2025-08-05T02:52:00.807Z","v":0}
{"name":"Log","hostname":"MacBook-Air-de-Goubert.local","pid":6908,"level":30,"version":"6.0.0","msg":"URL Service ready in 921ms","time":"2025-08-05T02:52:01.239Z","v":0}
{"name":"Log","hostname":"MacBook-Air-de-Goubert.local","pid":6908,"level":30,"version":"6.0.0","msg":"Adding offloaded job to the inline job queue","time":"2025-08-05T02:52:01.302Z","v":0}
{"name":"Log","hostname":"MacBook-Air-de-Goubert.local","pid":6908,"level":30,"version":"6.0.0","msg":"Scheduling job clean-expired-comped at 37 31 2 * * *. Next run on: Tue Aug 05 2025 02:31:37 GMT-0300 (Brasilia Standard Time)","time":"2025-08-05T02:52:01.315Z","v":0}
{"name":"Log","hostname":"MacBook-Air-de-Goubert.local","pid":6908,"level":30,"version":"6.0.0","msg":"Adding offloaded job to the inline job queue","time":"2025-08-05T02:52:01.322Z","v":0}
{"name":"Log","hostname":"MacBook-Air-de-Goubert.local","pid":6908,"level":30,"version":"6.0.0","msg":"Scheduling job clean-tokens at 12 17 8 * * *. Next run on: Tue Aug 05 2025 08:17:12 GMT-0300 (Brasilia Standard Time)","time":"2025-08-05T02:52:01.323Z","v":0}
{"name":"Log","hostname":"MacBook-Air-de-Goubert.local","pid":6908,"level":30,"version":"6.0.0","msg":"Ghost booted in 3.205s","time":"2025-08-05T02:52:01.325Z","v":0}
{"name":"Log","hostname":"MacBook-Air-de-Goubert.local","pid":6908,"level":30,"version":"6.0.0","msg":"Adding offloaded job to the inline job queue","time":"2025-08-05T02:52:01.329Z","v":0}
{"name":"Log","hostname":"MacBook-Air-de-Goubert.local","pid":6908,"level":30,"version":"6.0.0","msg":"Scheduling job update-check at 33 42 11 * * *. Next run on: Tue Aug 05 2025 11:42:33 GMT-0300 (Brasilia Standard Time)","time":"2025-08-05T02:52:01.330Z","v":0}
{"name":"Log","hostname":"MacBook-Air-de-Goubert.local","pid":6908,"level":30,"version":"6.0.0","msg":"Running milestone emails job on Mon Aug 04 2025 23:52:06 GMT-0300 (Brasilia Standard Time)","time":"2025-08-05T02:52:01.334Z","v":0}
{"name":"Log","hostname":"MacBook-Air-de-Goubert.local","pid":6908,"level":30,"version":"6.0.0","req":{"meta":{"requestId":"47c21a1c-7110-42c5-87b4-257e14bffa88","userId":null},"url":"/.ghost/activitypub/v1/site","method":"GET","originalUrl":"/.ghost/activitypub/v1/site","params":{},"headers":{"authorization":"**REDACTED**","accept":"*/*","user-agent":"node-fetch/1.0 (+https://github.com/bitinn/node-fetch)","accept-encoding":"gzip,deflate","host":"localhost:2368","connection":"keep-alive"},"query":{}},"res":{"_headers":{"x-powered-by":"Express","cache-control":"public, max-age=31536000","location":"/.ghost/activitypub/v1/site/"},"statusCode":301,"responseTime":"153ms"},"msg":"","time":"2025-08-05T02:52:01.499Z","v":0}
{"name":"Log","hostname":"MacBook-Air-de-Goubert.local","pid":6908,"level":30,"version":"6.0.0","req":{"meta":{"requestId":"30ea34d4-ed7e-43af-8b82-92485c9b2e56","userId":null},"url":"/.ghost/activitypub/v1/site/","method":"GET","originalUrl":"/.ghost/activitypub/v1/site/","params":{},"headers":{"authorization":"**REDACTED**","accept":"*/*","user-agent":"node-fetch/1.0 (+https://github.com/bitinn/node-fetch)","accept-encoding":"gzip,deflate","host":"localhost:2368","connection":"keep-alive"},"query":{}},"res":{"_headers":{"x-powered-by":"Express","cache-control":"no-cache, private, no-store, must-revalidate, max-stale=0, post-check=0, pre-check=0","content-type":"text/html; charset=utf-8","etag":"W/\"481-iH+OzWmUsNTcgORVchIN1aQGqc0\"","vary":"Accept-Encoding","content-encoding":"gzip"},"statusCode":404,"responseTime":"54ms"},"msg":"","time":"2025-08-05T02:52:01.555Z","v":0}
{"name":"Log","hostname":"MacBook-Air-de-Goubert.local","pid":6908,"level":50,"version":"6.0.0","msg":"Could not get webhook secret for ActivityPub FetchError: invalid json response body at http://localhost:2368/.ghost/activitypub/v1/site/ reason: Unexpected token '<', \"<!DOCTYPE \"... is not valid JSON","time":"2025-08-05T02:52:01.556Z","v":0}
{"name":"Log","hostname":"MacBook-Air-de-Goubert.local","pid":6908,"level":50,"version":"6.0.0","msg":"No webhook secret found - cannot initialise","time":"2025-08-05T02:52:01.556Z","v":0}
{"name":"Log","hostname":"MacBook-Air-de-Goubert.local","pid":6908,"level":30,"version":"6.0.0","msg":"[Recommendations] Updating recommendations metadata","time":"2025-08-05T02:55:06.489Z","v":0}
{"name":"Log","hostname":"MacBook-Air-de-Goubert.local","pid":6908,"level":30,"version":"6.0.0","worker":{"resourceLimits":{"maxYoungGenerationSizeMb":48,"maxOldGenerationSizeMb":4096,"codeRangeSizeMb":0,"stackSizeMb":4},"threadId":1},"msg":"Worker for job \"mentions-email-report\" online","time":"2025-08-05T03:41:40.637Z","v":0}
{"name":"Log","hostname":"MacBook-Air-de-Goubert.local","pid":6908,"level":30,"version":"6.0.0","msg":"Worker for job mentions-email-report sent a message: done","time":"2025-08-05T03:41:40.639Z","v":0}
{"name":"Log","hostname":"MacBook-Air-de-Goubert.local","pid":6908,"level":30,"version":"6.0.0","worker":{"resourceLimits":{"maxYoungGenerationSizeMb":48,"maxOldGenerationSizeMb":4096,"codeRangeSizeMb":0,"stackSizeMb":4},"threadId":2},"msg":"Worker for job \"mentions-email-report\" online","time":"2025-08-05T04:52:36.532Z","v":0}
{"name":"Log","hostname":"MacBook-Air-de-Goubert.local","pid":6908,"level":30,"version":"6.0.0","msg":"Worker for job mentions-email-report sent a message: done","time":"2025-08-05T04:52:36.534Z","v":0}
{"name":"Log","hostname":"MacBook-Air-de-Goubert.local","pid":6908,"level":30,"version":"6.0.0","worker":{"resourceLimits":{"maxYoungGenerationSizeMb":48,"maxOldGenerationSizeMb":4096,"codeRangeSizeMb":0,"stackSizeMb":4},"threadId":3},"msg":"Worker for job \"clean-expired-comped\" online","time":"2025-08-05T05:45:55.767Z","v":0}
{"name":"Log","hostname":"MacBook-Air-de-Goubert.local","pid":6908,"level":30,"version":"6.0.0","worker":{"resourceLimits":{"maxYoungGenerationSizeMb":48,"maxOldGenerationSizeMb":4096,"codeRangeSizeMb":0,"stackSizeMb":4},"threadId":4},"msg":"Worker for job \"mentions-email-report\" online","time":"2025-08-05T05:45:55.768Z","v":0}
{"name":"Log","hostname":"MacBook-Air-de-Goubert.local","pid":6908,"level":30,"version":"6.0.0","msg":"Worker for job mentions-email-report sent a message: done","time":"2025-08-05T05:45:55.769Z","v":0}
{"name":"Log","hostname":"MacBook-Air-de-Goubert.local","pid":6908,"level":30,"version":"6.0.0","msg":"Worker for job clean-expired-comped sent a message: Removed 0 expired subscriptions, updated 0 members in 240ms","time":"2025-08-05T05:45:56.037Z","v":0}
{"name":"Log","hostname":"MacBook-Air-de-Goubert.local","pid":6908,"level":30,"version":"6.0.0","msg":"Worker for job clean-expired-comped sent a message: done","time":"2025-08-05T05:45:56.037Z","v":0}
{"name":"Log","hostname":"MacBook-Air-de-Goubert.local","pid":6908,"level":30,"version":"6.0.0","worker":{"resourceLimits":{"maxYoungGenerationSizeMb":48,"maxOldGenerationSizeMb":4096,"codeRangeSizeMb":0,"stackSizeMb":4},"threadId":5},"msg":"Worker for job \"mentions-email-report\" online","time":"2025-08-05T06:41:40.852Z","v":0}
{"name":"Log","hostname":"MacBook-Air-de-Goubert.local","pid":6908,"level":30,"version":"6.0.0","msg":"Worker for job mentions-email-report sent a message: done","time":"2025-08-05T06:41:40.853Z","v":0}
{"name":"Log","hostname":"MacBook-Air-de-Goubert.local","pid":6908,"level":30,"version":"6.0.0","worker":{"resourceLimits":{"maxYoungGenerationSizeMb":48,"maxOldGenerationSizeMb":4096,"codeRangeSizeMb":0,"stackSizeMb":4},"threadId":6},"msg":"Worker for job \"mentions-email-report\" online","time":"2025-08-05T07:41:40.830Z","v":0}
{"name":"Log","hostname":"MacBook-Air-de-Goubert.local","pid":6908,"level":30,"version":"6.0.0","msg":"Worker for job mentions-email-report sent a message: done","time":"2025-08-05T07:41:40.832Z","v":0}
{"name":"Log","hostname":"MacBook-Air-de-Goubert.local","pid":6908,"level":30,"version":"6.0.0","worker":{"resourceLimits":{"maxYoungGenerationSizeMb":48,"maxOldGenerationSizeMb":4096,"codeRangeSizeMb":0,"stackSizeMb":4},"threadId":7},"msg":"Worker for job \"mentions-email-report\" online","time":"2025-08-05T08:41:40.887Z","v":0}
{"name":"Log","hostname":"MacBook-Air-de-Goubert.local","pid":6908,"level":30,"version":"6.0.0","msg":"Worker for job mentions-email-report sent a message: done","time":"2025-08-05T08:41:40.889Z","v":0}
{"name":"Log","hostname":"MacBook-Air-de-Goubert.local","pid":6908,"level":30,"version":"6.0.0","worker":{"resourceLimits":{"maxYoungGenerationSizeMb":48,"maxOldGenerationSizeMb":4096,"codeRangeSizeMb":0,"stackSizeMb":4},"threadId":8},"msg":"Worker for job \"mentions-email-report\" online","time":"2025-08-05T09:41:40.830Z","v":0}
{"name":"Log","hostname":"MacBook-Air-de-Goubert.local","pid":6908,"level":30,"version":"6.0.0","msg":"Worker for job mentions-email-report sent a message: done","time":"2025-08-05T09:41:40.832Z","v":0}
{"name":"Log","hostname":"MacBook-Air-de-Goubert.local","pid":6908,"level":30,"version":"6.0.0","worker":{"resourceLimits":{"maxYoungGenerationSizeMb":48,"maxOldGenerationSizeMb":4096,"codeRangeSizeMb":0,"stackSizeMb":4},"threadId":9},"msg":"Worker for job \"mentions-email-report\" online","time":"2025-08-05T10:41:40.839Z","v":0}
{"name":"Log","hostname":"MacBook-Air-de-Goubert.local","pid":6908,"level":30,"version":"6.0.0","msg":"Worker for job mentions-email-report sent a message: done","time":"2025-08-05T10:41:40.843Z","v":0}
{"name":"Log","hostname":"MacBook-Air-de-Goubert.local","pid":6908,"level":30,"version":"6.0.0","worker":{"resourceLimits":{"maxYoungGenerationSizeMb":48,"maxOldGenerationSizeMb":4096,"codeRangeSizeMb":0,"stackSizeMb":4},"threadId":10},"msg":"Worker for job \"clean-tokens\" online","time":"2025-08-05T11:17:12.000Z","v":0}
{"name":"Log","hostname":"MacBook-Air-de-Goubert.local","pid":6908,"level":30,"version":"6.0.0","msg":"Worker for job clean-tokens sent a message: Removed 0 tokens created before 2025-08-04T11:17:12.024Z in 208ms","time":"2025-08-05T11:17:12.231Z","v":0}
{"name":"Log","hostname":"MacBook-Air-de-Goubert.local","pid":6908,"level":30,"version":"6.0.0","msg":"Worker for job clean-tokens sent a message: done","time":"2025-08-05T11:17:12.232Z","v":0}
{"name":"Log","hostname":"MacBook-Air-de-Goubert.local","pid":6908,"level":30,"version":"6.0.0","worker":{"resourceLimits":{"maxYoungGenerationSizeMb":48,"maxOldGenerationSizeMb":4096,"codeRangeSizeMb":0,"stackSizeMb":4},"threadId":11},"msg":"Worker for job \"clean-tokens\" online","time":"2025-08-05T11:17:13.004Z","v":0}
{"name":"Log","hostname":"MacBook-Air-de-Goubert.local","pid":6908,"level":30,"version":"6.0.0","msg":"Worker for job clean-tokens sent a message: Removed 0 tokens created before 2025-08-04T11:17:13.018Z in 98ms","time":"2025-08-05T11:17:13.116Z","v":0}
{"name":"Log","hostname":"MacBook-Air-de-Goubert.local","pid":6908,"level":30,"version":"6.0.0","msg":"Worker for job clean-tokens sent a message: done","time":"2025-08-05T11:17:13.116Z","v":0}
{"name":"Log","hostname":"MacBook-Air-de-Goubert.local","pid":6908,"level":30,"version":"6.0.0","worker":{"resourceLimits":{"maxYoungGenerationSizeMb":48,"maxOldGenerationSizeMb":4096,"codeRangeSizeMb":0,"stackSizeMb":4},"threadId":12},"msg":"Worker for job \"mentions-email-report\" online","time":"2025-08-05T11:41:40.804Z","v":0}
{"name":"Log","hostname":"MacBook-Air-de-Goubert.local","pid":6908,"level":30,"version":"6.0.0","msg":"Worker for job mentions-email-report sent a message: done","time":"2025-08-05T11:41:40.807Z","v":0}
{"name":"Log","hostname":"MacBook-Air-de-Goubert.local","pid":6908,"level":30,"version":"6.0.0","worker":{"resourceLimits":{"maxYoungGenerationSizeMb":48,"maxOldGenerationSizeMb":4096,"codeRangeSizeMb":0,"stackSizeMb":4},"threadId":13},"msg":"Worker for job \"mentions-email-report\" online","time":"2025-08-05T12:41:40.918Z","v":0}
{"name":"Log","hostname":"MacBook-Air-de-Goubert.local","pid":6908,"level":30,"version":"6.0.0","msg":"Worker for job mentions-email-report sent a message: done","time":"2025-08-05T12:41:40.921Z","v":0}
{"name":"Log","hostname":"MacBook-Air-de-Goubert.local","pid":6908,"level":30,"version":"6.0.0","worker":{"resourceLimits":{"maxYoungGenerationSizeMb":48,"maxOldGenerationSizeMb":4096,"codeRangeSizeMb":0,"stackSizeMb":4},"threadId":14},"msg":"Worker for job \"mentions-email-report\" online","time":"2025-08-05T13:41:40.795Z","v":0}
{"name":"Log","hostname":"MacBook-Air-de-Goubert.local","pid":6908,"level":30,"version":"6.0.0","msg":"Worker for job mentions-email-report sent a message: done","time":"2025-08-05T13:41:40.799Z","v":0}
{"name":"Log","hostname":"MacBook-Air-de-Goubert.local","pid":6908,"level":30,"version":"6.0.0","worker":{"resourceLimits":{"maxYoungGenerationSizeMb":48,"maxOldGenerationSizeMb":4096,"codeRangeSizeMb":0,"stackSizeMb":4},"threadId":15},"msg":"Worker for job \"mentions-email-report\" online","time":"2025-08-05T14:41:40.873Z","v":0}
{"name":"Log","hostname":"MacBook-Air-de-Goubert.local","pid":6908,"level":30,"version":"6.0.0","msg":"Worker for job mentions-email-report sent a message: done","time":"2025-08-05T14:41:40.876Z","v":0}
{"name":"Log","hostname":"MacBook-Air-de-Goubert.local","pid":6908,"level":30,"version":"6.0.0","worker":{"resourceLimits":{"maxYoungGenerationSizeMb":48,"maxOldGenerationSizeMb":4096,"codeRangeSizeMb":0,"stackSizeMb":4},"threadId":16},"msg":"Worker for job \"update-check\" online","time":"2025-08-05T14:42:33.042Z","v":0}
{"name":"Log","hostname":"MacBook-Air-de-Goubert.local","pid":6908,"level":30,"version":"6.0.0","msg":"Worker for job update-check sent a message: Ran update check","time":"2025-08-05T14:42:34.853Z","v":0}
{"name":"Log","hostname":"MacBook-Air-de-Goubert.local","pid":6908,"level":30,"version":"6.0.0","msg":"Worker for job update-check sent a message: done","time":"2025-08-05T14:42:34.853Z","v":0}
{"name":"Log","hostname":"MacBook-Air-de-Goubert.local","pid":6908,"level":30,"version":"6.0.0","worker":{"resourceLimits":{"maxYoungGenerationSizeMb":48,"maxOldGenerationSizeMb":4096,"codeRangeSizeMb":0,"stackSizeMb":4},"threadId":17},"msg":"Worker for job \"mentions-email-report\" online","time":"2025-08-05T15:50:43.917Z","v":0}
{"name":"Log","hostname":"MacBook-Air-de-Goubert.local","pid":6908,"level":30,"version":"6.0.0","msg":"Worker for job mentions-email-report sent a message: done","time":"2025-08-05T15:50:43.965Z","v":0}
{"name":"Log","hostname":"MacBook-Air-de-Goubert.local","pid":6908,"level":30,"version":"6.0.0","worker":{"resourceLimits":{"maxYoungGenerationSizeMb":48,"maxOldGenerationSizeMb":4096,"codeRangeSizeMb":0,"stackSizeMb":4},"threadId":18},"msg":"Worker for job \"mentions-email-report\" online","time":"2025-08-05T16:41:40.953Z","v":0}
{"name":"Log","hostname":"MacBook-Air-de-Goubert.local","pid":6908,"level":30,"version":"6.0.0","msg":"Worker for job mentions-email-report sent a message: done","time":"2025-08-05T16:41:40.957Z","v":0}
{"name":"Log","hostname":"MacBook-Air-de-Goubert.local","pid":6908,"level":30,"version":"6.0.0","worker":{"resourceLimits":{"maxYoungGenerationSizeMb":48,"maxOldGenerationSizeMb":4096,"codeRangeSizeMb":0,"stackSizeMb":4},"threadId":19},"msg":"Worker for job \"mentions-email-report\" online","time":"2025-08-05T17:41:41.046Z","v":0}
{"name":"Log","hostname":"MacBook-Air-de-Goubert.local","pid":6908,"level":30,"version":"6.0.0","msg":"Worker for job mentions-email-report sent a message: done","time":"2025-08-05T17:41:41.049Z","v":0}
{"name":"Log","hostname":"MacBook-Air-de-Goubert.local","pid":6908,"level":30,"version":"6.0.0","worker":{"resourceLimits":{"maxYoungGenerationSizeMb":48,"maxOldGenerationSizeMb":4096,"codeRangeSizeMb":0,"stackSizeMb":4},"threadId":20},"msg":"Worker for job \"mentions-email-report\" online","time":"2025-08-05T18:41:40.105Z","v":0}
{"name":"Log","hostname":"MacBook-Air-de-Goubert.local","pid":6908,"level":30,"version":"6.0.0","msg":"Worker for job mentions-email-report sent a message: done","time":"2025-08-05T18:41:40.108Z","v":0}
{"name":"Log","hostname":"MacBook-Air-de-Goubert.local","pid":6908,"level":30,"version":"6.0.0","worker":{"resourceLimits":{"maxYoungGenerationSizeMb":48,"maxOldGenerationSizeMb":4096,"codeRangeSizeMb":0,"stackSizeMb":4},"threadId":21},"msg":"Worker for job \"mentions-email-report\" online","time":"2025-08-05T19:41:40.134Z","v":0}
{"name":"Log","hostname":"MacBook-Air-de-Goubert.local","pid":6908,"level":30,"version":"6.0.0","msg":"Worker for job mentions-email-report sent a message: done","time":"2025-08-05T19:41:40.136Z","v":0}
{"name":"Log","hostname":"MacBook-Air-de-Goubert.local","pid":6908,"level":30,"version":"6.0.0","worker":{"resourceLimits":{"maxYoungGenerationSizeMb":48,"maxOldGenerationSizeMb":4096,"codeRangeSizeMb":0,"stackSizeMb":4},"threadId":22},"msg":"Worker for job \"mentions-email-report\" online","time":"2025-08-05T20:41:40.045Z","v":0}
{"name":"Log","hostname":"MacBook-Air-de-Goubert.local","pid":6908,"level":30,"version":"6.0.0","msg":"Worker for job mentions-email-report sent a message: done","time":"2025-08-05T20:41:40.046Z","v":0}
{"name":"Log","hostname":"MacBook-Air-de-Goubert.local","pid":6908,"level":30,"version":"6.0.0","worker":{"resourceLimits":{"maxYoungGenerationSizeMb":48,"maxOldGenerationSizeMb":4096,"codeRangeSizeMb":0,"stackSizeMb":4},"threadId":23},"msg":"Worker for job \"mentions-email-report\" online","time":"2025-08-05T21:41:40.103Z","v":0}
{"name":"Log","hostname":"MacBook-Air-de-Goubert.local","pid":6908,"level":30,"version":"6.0.0","msg":"Worker for job mentions-email-report sent a message: done","time":"2025-08-05T21:41:40.104Z","v":0}
{"name":"Log","hostname":"MacBook-Air-de-Goubert.local","pid":6908,"level":30,"version":"6.0.0","worker":{"resourceLimits":{"maxYoungGenerationSizeMb":48,"maxOldGenerationSizeMb":4096,"codeRangeSizeMb":0,"stackSizeMb":4},"threadId":24},"msg":"Worker for job \"mentions-email-report\" online","time":"2025-08-05T22:41:40.123Z","v":0}
{"name":"Log","hostname":"MacBook-Air-de-Goubert.local","pid":6908,"level":30,"version":"6.0.0","msg":"Worker for job mentions-email-report sent a message: done","time":"2025-08-05T22:41:40.124Z","v":0}
{"name":"Log","hostname":"MacBook-Air-de-Goubert.local","pid":6908,"level":30,"version":"6.0.0","worker":{"resourceLimits":{"maxYoungGenerationSizeMb":48,"maxOldGenerationSizeMb":4096,"codeRangeSizeMb":0,"stackSizeMb":4},"threadId":25},"msg":"Worker for job \"mentions-email-report\" online","time":"2025-08-05T23:41:40.230Z","v":0}
{"name":"Log","hostname":"MacBook-Air-de-Goubert.local","pid":6908,"level":30,"version":"6.0.0","msg":"Worker for job mentions-email-report sent a message: done","time":"2025-08-05T23:41:40.232Z","v":0}
{"name":"Log","hostname":"MacBook-Air-de-Goubert.local","pid":6908,"level":30,"version":"6.0.0","worker":{"resourceLimits":{"maxYoungGenerationSizeMb":48,"maxOldGenerationSizeMb":4096,"codeRangeSizeMb":0,"stackSizeMb":4},"threadId":26},"msg":"Worker for job \"mentions-email-report\" online","time":"2025-08-06T00:41:40.045Z","v":0}
{"name":"Log","hostname":"MacBook-Air-de-Goubert.local","pid":6908,"level":30,"version":"6.0.0","msg":"Worker for job mentions-email-report sent a message: done","time":"2025-08-06T00:41:40.048Z","v":0}
{"name":"Log","hostname":"MacBook-Air-de-Goubert.local","pid":6908,"level":30,"version":"6.0.0","worker":{"resourceLimits":{"maxYoungGenerationSizeMb":48,"maxOldGenerationSizeMb":4096,"codeRangeSizeMb":0,"stackSizeMb":4},"threadId":27},"msg":"Worker for job \"mentions-email-report\" online","time":"2025-08-06T01:41:40.214Z","v":0}
{"name":"Log","hostname":"MacBook-Air-de-Goubert.local","pid":6908,"level":30,"version":"6.0.0","msg":"Worker for job mentions-email-report sent a message: done","time":"2025-08-06T01:41:40.217Z","v":0}
{"name":"Log","hostname":"MacBook-Air-de-Goubert.local","pid":6908,"level":30,"version":"6.0.0","worker":{"resourceLimits":{"maxYoungGenerationSizeMb":48,"maxOldGenerationSizeMb":4096,"codeRangeSizeMb":0,"stackSizeMb":4},"threadId":28},"msg":"Worker for job \"mentions-email-report\" online","time":"2025-08-06T02:41:40.114Z","v":0}
{"name":"Log","hostname":"MacBook-Air-de-Goubert.local","pid":6908,"level":30,"version":"6.0.0","msg":"Worker for job mentions-email-report sent a message: done","time":"2025-08-06T02:41:40.116Z","v":0}
{"name":"Log","hostname":"MacBook-Air-de-Goubert.local","pid":6908,"level":30,"version":"6.0.0","worker":{"resourceLimits":{"maxYoungGenerationSizeMb":48,"maxOldGenerationSizeMb":4096,"codeRangeSizeMb":0,"stackSizeMb":4},"threadId":29},"msg":"Worker for job \"mentions-email-report\" online","time":"2025-08-06T03:41:40.180Z","v":0}
{"name":"Log","hostname":"MacBook-Air-de-Goubert.local","pid":6908,"level":30,"version":"6.0.0","msg":"Worker for job mentions-email-report sent a message: done","time":"2025-08-06T03:41:40.182Z","v":0}
{"name":"Log","hostname":"MacBook-Air-de-Goubert.local","pid":6908,"level":30,"version":"6.0.0","worker":{"resourceLimits":{"maxYoungGenerationSizeMb":48,"maxOldGenerationSizeMb":4096,"codeRangeSizeMb":0,"stackSizeMb":4},"threadId":30},"msg":"Worker for job \"mentions-email-report\" online","time":"2025-08-06T04:41:40.212Z","v":0}
{"name":"Log","hostname":"MacBook-Air-de-Goubert.local","pid":6908,"level":30,"version":"6.0.0","msg":"Worker for job mentions-email-report sent a message: done","time":"2025-08-06T04:41:40.215Z","v":0}
{"name":"Log","hostname":"MacBook-Air-de-Goubert.local","pid":6908,"level":30,"version":"6.0.0","worker":{"resourceLimits":{"maxYoungGenerationSizeMb":48,"maxOldGenerationSizeMb":4096,"codeRangeSizeMb":0,"stackSizeMb":4},"threadId":31},"msg":"Worker for job \"clean-expired-comped\" online","time":"2025-08-06T05:31:37.169Z","v":0}
{"name":"Log","hostname":"MacBook-Air-de-Goubert.local","pid":6908,"level":30,"version":"6.0.0","msg":"Worker for job clean-expired-comped sent a message: Removed 0 expired subscriptions, updated 0 members in 206ms","time":"2025-08-06T05:31:37.416Z","v":0}
{"name":"Log","hostname":"MacBook-Air-de-Goubert.local","pid":6908,"level":30,"version":"6.0.0","msg":"Worker for job clean-expired-comped sent a message: done","time":"2025-08-06T05:31:37.416Z","v":0}
{"name":"Log","hostname":"MacBook-Air-de-Goubert.local","pid":6908,"level":30,"version":"6.0.0","worker":{"resourceLimits":{"maxYoungGenerationSizeMb":48,"maxOldGenerationSizeMb":4096,"codeRangeSizeMb":0,"stackSizeMb":4},"threadId":32},"msg":"Worker for job \"mentions-email-report\" online","time":"2025-08-06T05:41:40.165Z","v":0}
{"name":"Log","hostname":"MacBook-Air-de-Goubert.local","pid":6908,"level":30,"version":"6.0.0","msg":"Worker for job mentions-email-report sent a message: done","time":"2025-08-06T05:41:40.168Z","v":0}
{"name":"Log","hostname":"MacBook-Air-de-Goubert.local","pid":6908,"level":30,"version":"6.0.0","worker":{"resourceLimits":{"maxYoungGenerationSizeMb":48,"maxOldGenerationSizeMb":4096,"codeRangeSizeMb":0,"stackSizeMb":4},"threadId":33},"msg":"Worker for job \"mentions-email-report\" online","time":"2025-08-06T06:41:40.098Z","v":0}
{"name":"Log","hostname":"MacBook-Air-de-Goubert.local","pid":6908,"level":30,"version":"6.0.0","msg":"Worker for job mentions-email-report sent a message: done","time":"2025-08-06T06:41:40.102Z","v":0}
{"name":"Log","hostname":"MacBook-Air-de-Goubert.local","pid":6908,"level":30,"version":"6.0.0","worker":{"resourceLimits":{"maxYoungGenerationSizeMb":48,"maxOldGenerationSizeMb":4096,"codeRangeSizeMb":0,"stackSizeMb":4},"threadId":34},"msg":"Worker for job \"mentions-email-report\" online","time":"2025-08-06T07:41:40.090Z","v":0}
{"name":"Log","hostname":"MacBook-Air-de-Goubert.local","pid":6908,"level":30,"version":"6.0.0","msg":"Worker for job mentions-email-report sent a message: done","time":"2025-08-06T07:41:40.093Z","v":0}
{"name":"Log","hostname":"MacBook-Air-de-Goubert.local","pid":6908,"level":30,"version":"6.0.0","worker":{"resourceLimits":{"maxYoungGenerationSizeMb":48,"maxOldGenerationSizeMb":4096,"codeRangeSizeMb":0,"stackSizeMb":4},"threadId":35},"msg":"Worker for job \"mentions-email-report\" online","time":"2025-08-06T08:41:40.269Z","v":0}
{"name":"Log","hostname":"MacBook-Air-de-Goubert.local","pid":6908,"level":30,"version":"6.0.0","msg":"Worker for job mentions-email-report sent a message: done","time":"2025-08-06T08:41:40.272Z","v":0}
{"name":"Log","hostname":"MacBook-Air-de-Goubert.local","pid":6908,"level":30,"version":"6.0.0","worker":{"resourceLimits":{"maxYoungGenerationSizeMb":48,"maxOldGenerationSizeMb":4096,"codeRangeSizeMb":0,"stackSizeMb":4},"threadId":36},"msg":"Worker for job \"mentions-email-report\" online","time":"2025-08-06T09:41:40.143Z","v":0}
{"name":"Log","hostname":"MacBook-Air-de-Goubert.local","pid":6908,"level":30,"version":"6.0.0","msg":"Worker for job mentions-email-report sent a message: done","time":"2025-08-06T09:41:40.145Z","v":0}
{"name":"Log","hostname":"MacBook-Air-de-Goubert.local","pid":6908,"level":30,"version":"6.0.0","worker":{"resourceLimits":{"maxYoungGenerationSizeMb":48,"maxOldGenerationSizeMb":4096,"codeRangeSizeMb":0,"stackSizeMb":4},"threadId":37},"msg":"Worker for job \"mentions-email-report\" online","time":"2025-08-06T10:41:40.173Z","v":0}
{"name":"Log","hostname":"MacBook-Air-de-Goubert.local","pid":6908,"level":30,"version":"6.0.0","msg":"Worker for job mentions-email-report sent a message: done","time":"2025-08-06T10:41:40.176Z","v":0}
{"name":"Log","hostname":"MacBook-Air-de-Goubert.local","pid":6908,"level":30,"version":"6.0.0","worker":{"resourceLimits":{"maxYoungGenerationSizeMb":48,"maxOldGenerationSizeMb":4096,"codeRangeSizeMb":0,"stackSizeMb":4},"threadId":38},"msg":"Worker for job \"clean-tokens\" online","time":"2025-08-06T11:17:12.142Z","v":0}
{"name":"Log","hostname":"MacBook-Air-de-Goubert.local","pid":6908,"level":30,"version":"6.0.0","msg":"Worker for job clean-tokens sent a message: Removed 0 tokens created before 2025-08-05T11:17:12.164Z in 202ms","time":"2025-08-06T11:17:12.366Z","v":0}
{"name":"Log","hostname":"MacBook-Air-de-Goubert.local","pid":6908,"level":30,"version":"6.0.0","msg":"Worker for job clean-tokens sent a message: done","time":"2025-08-06T11:17:12.366Z","v":0}
{"name":"Log","hostname":"MacBook-Air-de-Goubert.local","pid":6908,"level":30,"version":"6.0.0","worker":{"resourceLimits":{"maxYoungGenerationSizeMb":48,"maxOldGenerationSizeMb":4096,"codeRangeSizeMb":0,"stackSizeMb":4},"threadId":39},"msg":"Worker for job \"mentions-email-report\" online","time":"2025-08-06T11:41:40.175Z","v":0}
{"name":"Log","hostname":"MacBook-Air-de-Goubert.local","pid":6908,"level":30,"version":"6.0.0","msg":"Worker for job mentions-email-report sent a message: done","time":"2025-08-06T11:41:40.178Z","v":0}
{"name":"Log","hostname":"MacBook-Air-de-Goubert.local","pid":6908,"level":30,"version":"6.0.0","worker":{"resourceLimits":{"maxYoungGenerationSizeMb":48,"maxOldGenerationSizeMb":4096,"codeRangeSizeMb":0,"stackSizeMb":4},"threadId":40},"msg":"Worker for job \"mentions-email-report\" online","time":"2025-08-06T12:41:40.268Z","v":0}
{"name":"Log","hostname":"MacBook-Air-de-Goubert.local","pid":6908,"level":30,"version":"6.0.0","msg":"Worker for job mentions-email-report sent a message: done","time":"2025-08-06T12:41:40.271Z","v":0}
{"name":"Log","hostname":"MacBook-Air-de-Goubert.local","pid":6908,"level":30,"version":"6.0.0","worker":{"resourceLimits":{"maxYoungGenerationSizeMb":48,"maxOldGenerationSizeMb":4096,"codeRangeSizeMb":0,"stackSizeMb":4},"threadId":41},"msg":"Worker for job \"mentions-email-report\" online","time":"2025-08-06T13:41:40.362Z","v":0}
{"name":"Log","hostname":"MacBook-Air-de-Goubert.local","pid":6908,"level":30,"version":"6.0.0","msg":"Worker for job mentions-email-report sent a message: done","time":"2025-08-06T13:41:40.364Z","v":0}
{"name":"Log","hostname":"MacBook-Air-de-Goubert.local","pid":6908,"level":30,"version":"6.0.0","worker":{"resourceLimits":{"maxYoungGenerationSizeMb":48,"maxOldGenerationSizeMb":4096,"codeRangeSizeMb":0,"stackSizeMb":4},"threadId":42},"msg":"Worker for job \"mentions-email-report\" online","time":"2025-08-06T14:41:40.315Z","v":0}
{"name":"Log","hostname":"MacBook-Air-de-Goubert.local","pid":6908,"level":30,"version":"6.0.0","msg":"Worker for job mentions-email-report sent a message: done","time":"2025-08-06T14:41:40.318Z","v":0}
{"name":"Log","hostname":"MacBook-Air-de-Goubert.local","pid":6908,"level":30,"version":"6.0.0","worker":{"resourceLimits":{"maxYoungGenerationSizeMb":48,"maxOldGenerationSizeMb":4096,"codeRangeSizeMb":0,"stackSizeMb":4},"threadId":43},"msg":"Worker for job \"update-check\" online","time":"2025-08-06T14:42:33.206Z","v":0}
{"name":"Log","hostname":"MacBook-Air-de-Goubert.local","pid":6908,"level":30,"version":"6.0.0","msg":"Worker for job update-check sent a message: Ran update check","time":"2025-08-06T14:42:34.561Z","v":0}
{"name":"Log","hostname":"MacBook-Air-de-Goubert.local","pid":6908,"level":30,"version":"6.0.0","msg":"Worker for job update-check sent a message: done","time":"2025-08-06T14:42:34.561Z","v":0}
{"name":"Log","hostname":"MacBook-Air-de-Goubert.local","pid":6908,"level":30,"version":"6.0.0","worker":{"resourceLimits":{"maxYoungGenerationSizeMb":48,"maxOldGenerationSizeMb":4096,"codeRangeSizeMb":0,"stackSizeMb":4},"threadId":44},"msg":"Worker for job \"mentions-email-report\" online","time":"2025-08-06T15:41:40.291Z","v":0}
{"name":"Log","hostname":"MacBook-Air-de-Goubert.local","pid":6908,"level":30,"version":"6.0.0","msg":"Worker for job mentions-email-report sent a message: done","time":"2025-08-06T15:41:40.294Z","v":0}
{"name":"Log","hostname":"MacBook-Air-de-Goubert.local","pid":6908,"level":30,"version":"6.0.0","worker":{"resourceLimits":{"maxYoungGenerationSizeMb":48,"maxOldGenerationSizeMb":4096,"codeRangeSizeMb":0,"stackSizeMb":4},"threadId":45},"msg":"Worker for job \"mentions-email-report\" online","time":"2025-08-06T16:41:40.223Z","v":0}
{"name":"Log","hostname":"MacBook-Air-de-Goubert.local","pid":6908,"level":30,"version":"6.0.0","msg":"Worker for job mentions-email-report sent a message: done","time":"2025-08-06T16:41:40.227Z","v":0}
{"name":"Log","hostname":"MacBook-Air-de-Goubert.local","pid":6908,"level":30,"version":"6.0.0","worker":{"resourceLimits":{"maxYoungGenerationSizeMb":48,"maxOldGenerationSizeMb":4096,"codeRangeSizeMb":0,"stackSizeMb":4},"threadId":46},"msg":"Worker for job \"mentions-email-report\" online","time":"2025-08-06T17:41:40.303Z","v":0}
{"name":"Log","hostname":"MacBook-Air-de-Goubert.local","pid":6908,"level":30,"version":"6.0.0","msg":"Worker for job mentions-email-report sent a message: done","time":"2025-08-06T17:41:40.306Z","v":0}
{"name":"Log","hostname":"MacBook-Air-de-Goubert.local","pid":6908,"level":30,"version":"6.0.0","worker":{"resourceLimits":{"maxYoungGenerationSizeMb":48,"maxOldGenerationSizeMb":4096,"codeRangeSizeMb":0,"stackSizeMb":4},"threadId":47},"msg":"Worker for job \"mentions-email-report\" online","time":"2025-08-06T18:41:40.211Z","v":0}
{"name":"Log","hostname":"MacBook-Air-de-Goubert.local","pid":6908,"level":30,"version":"6.0.0","msg":"Worker for job mentions-email-report sent a message: done","time":"2025-08-06T18:41:40.213Z","v":0}
{"name":"Log","hostname":"MacBook-Air-de-Goubert.local","pid":6908,"level":30,"version":"6.0.0","worker":{"resourceLimits":{"maxYoungGenerationSizeMb":48,"maxOldGenerationSizeMb":4096,"codeRangeSizeMb":0,"stackSizeMb":4},"threadId":48},"msg":"Worker for job \"mentions-email-report\" online","time":"2025-08-06T19:41:40.368Z","v":0}
{"name":"Log","hostname":"MacBook-Air-de-Goubert.local","pid":6908,"level":30,"version":"6.0.0","msg":"Worker for job mentions-email-report sent a message: done","time":"2025-08-06T19:41:40.371Z","v":0}
{"name":"Log","hostname":"MacBook-Air-de-Goubert.local","pid":6908,"level":30,"version":"6.0.0","worker":{"resourceLimits":{"maxYoungGenerationSizeMb":48,"maxOldGenerationSizeMb":4096,"codeRangeSizeMb":0,"stackSizeMb":4},"threadId":49},"msg":"Worker for job \"mentions-email-report\" online","time":"2025-08-06T20:41:40.332Z","v":0}
{"name":"Log","hostname":"MacBook-Air-de-Goubert.local","pid":6908,"level":30,"version":"6.0.0","msg":"Worker for job mentions-email-report sent a message: done","time":"2025-08-06T20:41:40.334Z","v":0}
{"name":"Log","hostname":"MacBook-Air-de-Goubert.local","pid":6908,"level":30,"version":"6.0.0","worker":{"resourceLimits":{"maxYoungGenerationSizeMb":48,"maxOldGenerationSizeMb":4096,"codeRangeSizeMb":0,"stackSizeMb":4},"threadId":50},"msg":"Worker for job \"mentions-email-report\" online","time":"2025-08-06T21:50:19.649Z","v":0}
{"name":"Log","hostname":"MacBook-Air-de-Goubert.local","pid":6908,"level":30,"version":"6.0.0","msg":"Worker for job mentions-email-report sent a message: done","time":"2025-08-06T21:50:19.658Z","v":0}
{"name":"Log","hostname":"MacBook-Air-de-Goubert.local","pid":6908,"level":30,"version":"6.0.0","worker":{"resourceLimits":{"maxYoungGenerationSizeMb":48,"maxOldGenerationSizeMb":4096,"codeRangeSizeMb":0,"stackSizeMb":4},"threadId":51},"msg":"Worker for job \"mentions-email-report\" online","time":"2025-08-06T22:47:57.237Z","v":0}
{"name":"Log","hostname":"MacBook-Air-de-Goubert.local","pid":6908,"level":30,"version":"6.0.0","msg":"Worker for job mentions-email-report sent a message: done","time":"2025-08-06T22:47:57.275Z","v":0}
{"name":"Log","hostname":"MacBook-Air-de-Goubert.local","pid":6908,"level":30,"version":"6.0.0","worker":{"resourceLimits":{"maxYoungGenerationSizeMb":48,"maxOldGenerationSizeMb":4096,"codeRangeSizeMb":0,"stackSizeMb":4},"threadId":52},"msg":"Worker for job \"mentions-email-report\" online","time":"2025-08-06T23:48:57.696Z","v":0}
{"name":"Log","hostname":"MacBook-Air-de-Goubert.local","pid":6908,"level":30,"version":"6.0.0","msg":"Worker for job mentions-email-report sent a message: done","time":"2025-08-06T23:48:57.697Z","v":0}
{"name":"Log","hostname":"MacBook-Air-de-Goubert.local","pid":6908,"level":30,"version":"6.0.0","worker":{"resourceLimits":{"maxYoungGenerationSizeMb":48,"maxOldGenerationSizeMb":4096,"codeRangeSizeMb":0,"stackSizeMb":4},"threadId":53},"msg":"Worker for job \"mentions-email-report\" online","time":"2025-08-07T00:49:57.580Z","v":0}
{"name":"Log","hostname":"MacBook-Air-de-Goubert.local","pid":6908,"level":30,"version":"6.0.0","msg":"Worker for job mentions-email-report sent a message: done","time":"2025-08-07T00:49:57.582Z","v":0}
{"name":"Log","hostname":"MacBook-Air-de-Goubert.local","pid":6908,"level":30,"version":"6.0.0","worker":{"resourceLimits":{"maxYoungGenerationSizeMb":48,"maxOldGenerationSizeMb":4096,"codeRangeSizeMb":0,"stackSizeMb":4},"threadId":54},"msg":"Worker for job \"mentions-email-report\" online","time":"2025-08-07T01:42:20.900Z","v":0}
{"name":"Log","hostname":"MacBook-Air-de-Goubert.local","pid":6908,"level":30,"version":"6.0.0","msg":"Worker for job mentions-email-report sent a message: done","time":"2025-08-07T01:42:20.902Z","v":0}
{"name":"Log","hostname":"MacBook-Air-de-Goubert.local","pid":6908,"level":30,"version":"6.0.0","worker":{"resourceLimits":{"maxYoungGenerationSizeMb":48,"maxOldGenerationSizeMb":4096,"codeRangeSizeMb":0,"stackSizeMb":4},"threadId":55},"msg":"Worker for job \"mentions-email-report\" online","time":"2025-08-07T02:44:46.273Z","v":0}
{"name":"Log","hostname":"MacBook-Air-de-Goubert.local","pid":6908,"level":30,"version":"6.0.0","msg":"Worker for job mentions-email-report sent a message: done","time":"2025-08-07T02:44:46.274Z","v":0}
{"name":"Log","hostname":"MacBook-Air-de-Goubert.local","pid":6908,"level":30,"version":"6.0.0","worker":{"resourceLimits":{"maxYoungGenerationSizeMb":48,"maxOldGenerationSizeMb":4096,"codeRangeSizeMb":0,"stackSizeMb":4},"threadId":56},"msg":"Worker for job \"mentions-email-report\" online","time":"2025-08-07T03:41:41.766Z","v":0}
{"name":"Log","hostname":"MacBook-Air-de-Goubert.local","pid":6908,"level":30,"version":"6.0.0","msg":"Worker for job mentions-email-report sent a message: done","time":"2025-08-07T03:41:41.768Z","v":0}
{"name":"Log","hostname":"MacBook-Air-de-Goubert.local","pid":6908,"level":30,"version":"6.0.0","worker":{"resourceLimits":{"maxYoungGenerationSizeMb":48,"maxOldGenerationSizeMb":4096,"codeRangeSizeMb":0,"stackSizeMb":4},"threadId":57},"msg":"Worker for job \"mentions-email-report\" online","time":"2025-08-07T04:43:24.940Z","v":0}
{"name":"Log","hostname":"MacBook-Air-de-Goubert.local","pid":6908,"level":30,"version":"6.0.0","msg":"Worker for job mentions-email-report sent a message: done","time":"2025-08-07T04:43:24.942Z","v":0}
{"name":"Log","hostname":"MacBook-Air-de-Goubert.local","pid":6908,"level":40,"version":"6.0.0","msg":"Ghost is shutting down","time":"2025-08-07T04:55:03.007Z","v":0}
{"name":"Log","hostname":"MacBook-Air-de-Goubert.local","pid":6908,"level":40,"version":"6.0.0","msg":"Ghost has shut down","time":"2025-08-07T04:55:03.016Z","v":0}
{"name":"Log","hostname":"MacBook-Air-de-Goubert.local","pid":6908,"level":40,"version":"6.0.0","msg":"Ghost was running for 2 days","time":"2025-08-07T04:55:03.056Z","v":0}
